<?xml version="1.0" encoding="UTF-8"?>
<testng-results skipped="0" failed="0" ignored="0" total="1" passed="1">
  <reporter-output>
  </reporter-output>
  <suite name="helloworld3.TestHelloworld3" duration-ms="94" started-at="2021-04-21T17:59:47 IST" finished-at="2021-04-21T17:59:47 IST">
    <groups>
    </groups>
    <test name="Command line test" duration-ms="94" started-at="2021-04-21T17:59:47 IST" finished-at="2021-04-21T17:59:47 IST">
      <class name="helloworld3.TestHelloworld3">
        <test-method status="PASS" signature="HelloWorld3()[pri:0, instance:helloworld3.TestHelloworld3@1bce4f0a]" name="HelloWorld3" duration-ms="7" started-at="2021-04-21T17:59:47 IST" finished-at="2021-04-21T17:59:47 IST">
          <reporter-output>
          </reporter-output>
        </test-method> <!-- HelloWorld3 -->
      </class> <!-- helloworld3.TestHelloworld3 -->
    </test> <!-- Command line test -->
  </suite> <!-- helloworld3.TestHelloworld3 -->
</testng-results>
