<?xml version="1.0" encoding="UTF-8"?>
<testng-results skipped="0" failed="0" ignored="0" total="1" passed="1">
  <reporter-output>
  </reporter-output>
  <suite name="testhellowworld_sesha2.Testhellowworld2" duration-ms="68" started-at="2021-04-20T14:49:11 IST" finished-at="2021-04-20T14:49:11 IST">
    <groups>
    </groups>
    <test name="Command line test" duration-ms="68" started-at="2021-04-20T14:49:11 IST" finished-at="2021-04-20T14:49:11 IST">
      <class name="testhellowworld_sesha2.Testhellowworld2">
        <test-method status="PASS" signature="hellowworld2()[pri:0, instance:testhellowworld_sesha2.Testhellowworld2@1bce4f0a]" name="hellowworld2" duration-ms="4" started-at="2021-04-20T14:49:11 IST" finished-at="2021-04-20T14:49:11 IST">
          <reporter-output>
          </reporter-output>
        </test-method> <!-- hellowworld2 -->
      </class> <!-- testhellowworld_sesha2.Testhellowworld2 -->
    </test> <!-- Command line test -->
  </suite> <!-- testhellowworld_sesha2.Testhellowworld2 -->
</testng-results>
