<?xml version="1.0" encoding="UTF-8"?>
<testng-results skipped="0" failed="0" ignored="0" total="1" passed="1">
  <reporter-output>
  </reporter-output>
  <suite name="TestHelloWorld_Sesha.TestHelloWorld" duration-ms="82" started-at="2021-04-18T19:48:16 IST" finished-at="2021-04-18T19:48:16 IST">
    <groups>
    </groups>
    <test name="Command line test" duration-ms="82" started-at="2021-04-18T19:48:16 IST" finished-at="2021-04-18T19:48:16 IST">
      <class name="TestHelloWorld_Sesha.TestHelloWorld">
        <test-method status="PASS" signature="TestHelloWorld()[pri:0, instance:TestHelloWorld_Sesha.TestHelloWorld@1bce4f0a]" name="TestHelloWorld" duration-ms="7" started-at="2021-04-18T19:48:16 IST" finished-at="2021-04-18T19:48:16 IST">
          <reporter-output>
          </reporter-output>
        </test-method> <!-- TestHelloWorld -->
      </class> <!-- TestHelloWorld_Sesha.TestHelloWorld -->
    </test> <!-- Command line test -->
  </suite> <!-- TestHelloWorld_Sesha.TestHelloWorld -->
</testng-results>
