<?xml version="1.0" encoding="UTF-8"?>
<testng-results skipped="0" failed="0" ignored="0" total="1" passed="1">
  <reporter-output>
  </reporter-output>
  <suite name="sample.Testsample" duration-ms="84" started-at="2021-04-23T11:36:16 IST" finished-at="2021-04-23T11:36:16 IST">
    <groups>
    </groups>
    <test name="Command line test" duration-ms="84" started-at="2021-04-23T11:36:16 IST" finished-at="2021-04-23T11:36:16 IST">
      <class name="sample.Testsample">
        <test-method status="PASS" signature="TestHelloWorld()[pri:0, instance:sample.Testsample@1bce4f0a]" name="TestHelloWorld" duration-ms="6" started-at="2021-04-23T11:36:16 IST" finished-at="2021-04-23T11:36:16 IST">
          <reporter-output>
          </reporter-output>
        </test-method> <!-- TestHelloWorld -->
      </class> <!-- sample.Testsample -->
    </test> <!-- Command line test -->
  </suite> <!-- sample.Testsample -->
</testng-results>
